build/app/intermediates/manifest_merge_blame_file/release/manifest-merger-blame-release-report.txt
1<?xml version="1.0" encoding="utf-8"?>
2<manifest xmlns:android="http://schemas.android.com/apk/res/android"
3    package="com.flyweb"
4    android:versionCode="1"
5    android:versionName="1.0.0" >
6
7    <uses-sdk
8        android:minSdkVersion="19"
8-->src\main\AndroidManifest.xml
9        android:targetSdkVersion="30" />
9-->src\main\AndroidManifest.xml
10
11<!--     <uses-permission android:name="android.permission.QUERY_ALL_PACKAGES"/> -->
12    <uses-permission android:name="com.google.android.c2dm.permission.RECEIVE" />
12-->src\main\AndroidManifest.xml:7:5-81
12-->src\main\AndroidManifest.xml:7:22-79
13    <uses-permission android:name="android.permission.INTERNET" />
13-->src\main\AndroidManifest.xml:8:5-67
13-->src\main\AndroidManifest.xml:8:22-64
14    <uses-permission android:name="android.permission.ACCESS_WIFI_STATE" />
14-->src\main\AndroidManifest.xml:9:5-76
14-->src\main\AndroidManifest.xml:9:22-73
15    <uses-permission android:name="android.permission.ACCESS_NETWORK_STATE" />
15-->src\main\AndroidManifest.xml:10:5-79
15-->src\main\AndroidManifest.xml:10:22-76
16    <uses-permission android:name="android.permission.WRITE_EXTERNAL_STORAGE" />
16-->src\main\AndroidManifest.xml:11:5-80
16-->src\main\AndroidManifest.xml:11:22-78
17    <uses-permission android:name="android.permission.READ_EXTERNAL_STORAGE" />
17-->src\main\AndroidManifest.xml:12:5-80
17-->src\main\AndroidManifest.xml:12:22-77
18    <uses-permission android:name="android.permission.ACCESS_FINE_LOCATION" />
18-->src\main\AndroidManifest.xml:13:5-79
18-->src\main\AndroidManifest.xml:13:22-76
19    <uses-permission android:name="android.permission.ACCESS_COARSE_LOCATION" />
19-->src\main\AndroidManifest.xml:14:5-81
19-->src\main\AndroidManifest.xml:14:22-78
20    <uses-permission android:name="android.permission.ACCESS_BACKGROUND_LOCATION" />
20-->src\main\AndroidManifest.xml:15:5-85
20-->src\main\AndroidManifest.xml:15:22-82
21    <uses-permission android:name="android.permission.CAMERA" />
21-->src\main\AndroidManifest.xml:16:5-65
21-->src\main\AndroidManifest.xml:16:22-62
22    <uses-permission android:name="android.permission.RECORD_AUDIO" />
22-->src\main\AndroidManifest.xml:17:5-71
22-->src\main\AndroidManifest.xml:17:22-68
23    <uses-permission android:name="android.permission.MODIFY_AUDIO_SETTINGS" />
23-->src\main\AndroidManifest.xml:18:5-80
23-->src\main\AndroidManifest.xml:18:22-77
24    <uses-permission android:name="android.permission.VIDEO_CAPTURE" />
24-->src\main\AndroidManifest.xml:19:5-72
24-->src\main\AndroidManifest.xml:19:22-69
25    <uses-permission android:name="android.permission.AUDIO_CAPTURE" />
25-->src\main\AndroidManifest.xml:20:5-72
25-->src\main\AndroidManifest.xml:20:22-69
26    <uses-permission android:name="android.permission.REQUEST_INSTALL_PACKAGES" />
26-->src\main\AndroidManifest.xml:21:5-83
26-->src\main\AndroidManifest.xml:21:22-80
27    <uses-permission android:name="android.permission.CAMERA" />
27-->src\main\AndroidManifest.xml:16:5-65
27-->src\main\AndroidManifest.xml:16:22-62
28    <uses-permission android:name="android.permission.WAKE_LOCK" />
28-->[:firebase_messaging] AndroidManifest.xml:8:5-68
28-->[:firebase_messaging] AndroidManifest.xml:8:22-65
29
30    <uses-feature android:name="android.hardware.camera" />
30-->[:flutter_barcode_scanner] AndroidManifest.xml:11:5-60
30-->[:flutter_barcode_scanner] AndroidManifest.xml:11:19-57
31
32    <uses-permission android:name="android.permission.FLASHLIGHT" />
32-->[:flutter_barcode_scanner] AndroidManifest.xml:13:5-69
32-->[:flutter_barcode_scanner] AndroidManifest.xml:13:22-66
33
34    <queries>
34-->[:flutter_inappwebview] AndroidManifest.xml:7:5-11:15
35        <intent>
35-->[:flutter_inappwebview] AndroidManifest.xml:8:9-10:18
36            <action android:name="android.support.customtabs.action.CustomTabsService" />
36-->[:flutter_inappwebview] AndroidManifest.xml:9:13-90
36-->[:flutter_inappwebview] AndroidManifest.xml:9:21-87
37        </intent>
38        <!-- For browser content -->
39        <intent>
39-->[com.google.android.gms:play-services-ads-lite:19.7.0] AndroidManifest.xml:30:9-36:18
40            <action android:name="android.intent.action.VIEW" />
40-->src\main\AndroidManifest.xml:60:12-64
40-->src\main\AndroidManifest.xml:60:20-61
41
42            <category android:name="android.intent.category.BROWSABLE" />
42-->src\main\AndroidManifest.xml:62:12-73
42-->src\main\AndroidManifest.xml:62:22-70
43
44            <data android:scheme="https" />
44-->src\main\AndroidManifest.xml:63:12-55
44-->src\main\AndroidManifest.xml:63:18-52
45        </intent>
46    </queries> <!-- Create a unique permission for your app and use it so only your app can receive your OneSignal messages. -->
47    <permission
47-->[com.onesignal:OneSignal:3.15.7] AndroidManifest.xml:7:5-9:47
48        android:name="com.flyweb.permission.C2D_MESSAGE"
48-->[com.onesignal:OneSignal:3.15.7] AndroidManifest.xml:8:9-63
49        android:protectionLevel="signature" />
49-->[com.onesignal:OneSignal:3.15.7] AndroidManifest.xml:9:9-44
50
51    <uses-permission android:name="com.flyweb.permission.C2D_MESSAGE" />
51-->[com.onesignal:OneSignal:3.15.7] AndroidManifest.xml:11:5-79
51-->[com.onesignal:OneSignal:3.15.7] AndroidManifest.xml:11:22-76
52    <!--
53 Required so the device vibrates on receiving a push notification.
54         Vibration settings of the device still apply.
55    -->
56    <uses-permission android:name="android.permission.VIBRATE" />
56-->[com.onesignal:OneSignal:3.15.7] AndroidManifest.xml:23:5-66
56-->[com.onesignal:OneSignal:3.15.7] AndroidManifest.xml:23:22-63
57    <!--
58 Use to restore notifications the user hasn't interacted with.
59         They could be missed notifications if the user reboots their device if this isn't in place.
60    -->
61    <uses-permission android:name="android.permission.RECEIVE_BOOT_COMPLETED" /> <!-- START: ShortcutBadger -->
61-->[com.onesignal:OneSignal:3.15.7] AndroidManifest.xml:29:5-81
61-->[com.onesignal:OneSignal:3.15.7] AndroidManifest.xml:29:22-78
62    <!-- Samsung -->
63    <uses-permission android:name="com.sec.android.provider.badge.permission.READ" />
63-->[com.onesignal:OneSignal:3.15.7] AndroidManifest.xml:31:5-86
63-->[com.onesignal:OneSignal:3.15.7] AndroidManifest.xml:31:22-83
64    <uses-permission android:name="com.sec.android.provider.badge.permission.WRITE" /> <!-- HTC -->
64-->[com.onesignal:OneSignal:3.15.7] AndroidManifest.xml:32:5-87
64-->[com.onesignal:OneSignal:3.15.7] AndroidManifest.xml:32:22-84
65    <uses-permission android:name="com.htc.launcher.permission.READ_SETTINGS" />
65-->[com.onesignal:OneSignal:3.15.7] AndroidManifest.xml:33:5-81
65-->[com.onesignal:OneSignal:3.15.7] AndroidManifest.xml:33:22-78
66    <uses-permission android:name="com.htc.launcher.permission.UPDATE_SHORTCUT" /> <!-- Sony -->
66-->[com.onesignal:OneSignal:3.15.7] AndroidManifest.xml:34:5-83
66-->[com.onesignal:OneSignal:3.15.7] AndroidManifest.xml:34:22-80
67    <uses-permission android:name="com.sonyericsson.home.permission.BROADCAST_BADGE" />
67-->[com.onesignal:OneSignal:3.15.7] AndroidManifest.xml:35:5-88
67-->[com.onesignal:OneSignal:3.15.7] AndroidManifest.xml:35:22-85
68    <uses-permission android:name="com.sonymobile.home.permission.PROVIDER_INSERT_BADGE" /> <!-- Apex -->
68-->[com.onesignal:OneSignal:3.15.7] AndroidManifest.xml:36:5-92
68-->[com.onesignal:OneSignal:3.15.7] AndroidManifest.xml:36:22-89
69    <uses-permission android:name="com.anddoes.launcher.permission.UPDATE_COUNT" /> <!-- Solid -->
69-->[com.onesignal:OneSignal:3.15.7] AndroidManifest.xml:37:5-84
69-->[com.onesignal:OneSignal:3.15.7] AndroidManifest.xml:37:22-81
70    <uses-permission android:name="com.majeur.launcher.permission.UPDATE_BADGE" /> <!-- Huawei -->
70-->[com.onesignal:OneSignal:3.15.7] AndroidManifest.xml:38:5-83
70-->[com.onesignal:OneSignal:3.15.7] AndroidManifest.xml:38:22-80
71    <uses-permission android:name="com.huawei.android.launcher.permission.CHANGE_BADGE" />
71-->[com.onesignal:OneSignal:3.15.7] AndroidManifest.xml:39:5-91
71-->[com.onesignal:OneSignal:3.15.7] AndroidManifest.xml:39:22-88
72    <uses-permission android:name="com.huawei.android.launcher.permission.READ_SETTINGS" />
72-->[com.onesignal:OneSignal:3.15.7] AndroidManifest.xml:40:5-92
72-->[com.onesignal:OneSignal:3.15.7] AndroidManifest.xml:40:22-89
73    <uses-permission android:name="com.huawei.android.launcher.permission.WRITE_SETTINGS" /> <!-- ZUK -->
73-->[com.onesignal:OneSignal:3.15.7] AndroidManifest.xml:41:5-93
73-->[com.onesignal:OneSignal:3.15.7] AndroidManifest.xml:41:22-90
74    <uses-permission android:name="android.permission.READ_APP_BADGE" /> <!-- OPPO -->
74-->[com.onesignal:OneSignal:3.15.7] AndroidManifest.xml:42:5-73
74-->[com.onesignal:OneSignal:3.15.7] AndroidManifest.xml:42:22-70
75    <uses-permission android:name="com.oppo.launcher.permission.READ_SETTINGS" />
75-->[com.onesignal:OneSignal:3.15.7] AndroidManifest.xml:43:5-82
75-->[com.onesignal:OneSignal:3.15.7] AndroidManifest.xml:43:22-79
76    <uses-permission android:name="com.oppo.launcher.permission.WRITE_SETTINGS" /> <!-- EvMe -->
76-->[com.onesignal:OneSignal:3.15.7] AndroidManifest.xml:44:5-83
76-->[com.onesignal:OneSignal:3.15.7] AndroidManifest.xml:44:22-80
77    <uses-permission android:name="me.everything.badger.permission.BADGE_COUNT_READ" />
77-->[com.onesignal:OneSignal:3.15.7] AndroidManifest.xml:45:5-88
77-->[com.onesignal:OneSignal:3.15.7] AndroidManifest.xml:45:22-85
78    <uses-permission android:name="me.everything.badger.permission.BADGE_COUNT_WRITE" />
78-->[com.onesignal:OneSignal:3.15.7] AndroidManifest.xml:46:5-89
78-->[com.onesignal:OneSignal:3.15.7] AndroidManifest.xml:46:22-86
79
80    <application
80-->src\main\AndroidManifest.xml:24:5-77:19
81        android:name="androidx.multidex.MultiDexApplication"
82        android:appComponentFactory="androidx.core.app.CoreComponentFactory"
82-->[androidx.core:core:1.6.0] AndroidManifest.xml:24:18-86
83        android:icon="@mipmap/ic_launcher"
83-->src\main\AndroidManifest.xml:26:9-43
84        android:label="@string/app_name"
84-->src\main\AndroidManifest.xml:25:9-41
85        android:largeHeap="true"
85-->[:flutter_barcode_scanner] AndroidManifest.xml:16:9-33
86        android:theme="@style/Theme.AppCompat.NoActionBar"
86-->[:flutter_barcode_scanner] AndroidManifest.xml:17:9-59
87        android:usesCleartextTraffic="true" >
87-->src\main\AndroidManifest.xml:27:9-44
88        <activity
88-->src\main\AndroidManifest.xml:28:9-66:15
89            android:name="com.flyweb.MainActivity"
89-->src\main\AndroidManifest.xml:29:13-41
90            android:configChanges="orientation|keyboardHidden|keyboard|screenSize|smallestScreenSize|locale|layoutDirection|fontScale|screenLayout|density|uiMode"
90-->src\main\AndroidManifest.xml:32:13-163
91            android:hardwareAccelerated="true"
91-->src\main\AndroidManifest.xml:33:13-47
92            android:launchMode="singleTop"
92-->src\main\AndroidManifest.xml:30:13-43
93            android:theme="@style/LaunchTheme"
93-->src\main\AndroidManifest.xml:31:13-47
94            android:windowSoftInputMode="adjustResize" >
94-->src\main\AndroidManifest.xml:34:13-55
95
96            <!--
97                 Specifies an Android theme to apply to this Activity as soon as
98                 the Android process has started. This theme is visible to the user
99                 while the Flutter UI initializes. After that, this theme continues
100                 to determine the Window background behind the Flutter UI.
101            -->
102            <meta-data
102-->src\main\AndroidManifest.xml:39:13-42:17
103                android:name="io.flutter.embedding.android.NormalTheme"
103-->src\main\AndroidManifest.xml:40:15-70
104                android:resource="@style/NormalTheme" />
104-->src\main\AndroidManifest.xml:41:15-52
105            <!--
106                 Displays an Android View that continues showing the launch screen
107                 Drawable until Flutter paints its first frame, then this splash
108                 screen fades out. A splash screen is useful to avoid any visual
109                 gap between the end of Android's launch screen and the painting of
110                 Flutter's first frame.
111            -->
112            <meta-data
112-->src\main\AndroidManifest.xml:48:13-51:17
113                android:name="io.flutter.embedding.android.SplashScreenDrawable"
113-->src\main\AndroidManifest.xml:49:15-79
114                android:resource="@drawable/launch_background" />
114-->src\main\AndroidManifest.xml:50:15-61
115
116            <intent-filter>
116-->src\main\AndroidManifest.xml:52:13-55:29
117                <action android:name="android.intent.action.MAIN" />
117-->src\main\AndroidManifest.xml:53:17-68
117-->src\main\AndroidManifest.xml:53:25-66
118
119                <category android:name="android.intent.category.LAUNCHER" />
119-->src\main\AndroidManifest.xml:54:17-76
119-->src\main\AndroidManifest.xml:54:27-74
120            </intent-filter>
121
122            <!-- Deeplink -->
123            <meta-data
123-->src\main\AndroidManifest.xml:58:8-85
124                android:name="flutter_deeplinking_enabled"
124-->src\main\AndroidManifest.xml:58:19-61
125                android:value="true" />
125-->src\main\AndroidManifest.xml:58:62-82
126
127            <intent-filter android:autoVerify="true" >
127-->src\main\AndroidManifest.xml:59:8-64:24
127-->src\main\AndroidManifest.xml:59:23-48
128                <action android:name="android.intent.action.VIEW" />
128-->src\main\AndroidManifest.xml:60:12-64
128-->src\main\AndroidManifest.xml:60:20-61
129
130                <category android:name="android.intent.category.DEFAULT" />
130-->src\main\AndroidManifest.xml:61:12-71
130-->src\main\AndroidManifest.xml:61:22-68
131                <category android:name="android.intent.category.BROWSABLE" />
131-->src\main\AndroidManifest.xml:62:12-73
131-->src\main\AndroidManifest.xml:62:22-70
132
133                <data android:scheme="app.flyweb.scheme" />
133-->src\main\AndroidManifest.xml:63:12-55
133-->src\main\AndroidManifest.xml:63:18-52
134            </intent-filter>
135        </activity>
136        <!--
137        Don't delete the meta-data below.
138        This is used by the Flutter tool to generate GeneratedPluginRegistrant.java
139        -->
140        <meta-data
140-->src\main\AndroidManifest.xml:69:9-71:33
141            android:name="flutterEmbedding"
141-->src\main\AndroidManifest.xml:70:13-44
142            android:value="2" />
142-->src\main\AndroidManifest.xml:71:13-30
143        <meta-data
143-->src\main\AndroidManifest.xml:73:9-75:69
144            android:name="com.google.android.gms.ads.APPLICATION_ID"
144-->src\main\AndroidManifest.xml:74:13-69
145            android:value="ca-app-pub-7432665165146018~2664444130" />
145-->src\main\AndroidManifest.xml:75:13-67
146
147        <service
147-->[:firebase_messaging] AndroidManifest.xml:12:9-15:72
148            android:name="io.flutter.plugins.firebase.messaging.FlutterFirebaseMessagingBackgroundService"
148-->[:firebase_messaging] AndroidManifest.xml:13:13-107
149            android:exported="false"
149-->[:firebase_messaging] AndroidManifest.xml:14:13-37
150            android:permission="android.permission.BIND_JOB_SERVICE" />
150-->[:firebase_messaging] AndroidManifest.xml:15:13-69
151        <service
151-->[:firebase_messaging] AndroidManifest.xml:16:9-22:19
152            android:name="io.flutter.plugins.firebase.messaging.FlutterFirebaseMessagingService"
152-->[:firebase_messaging] AndroidManifest.xml:17:13-97
153            android:exported="false" >
153-->[:firebase_messaging] AndroidManifest.xml:18:13-37
154            <intent-filter>
154-->[:firebase_messaging] AndroidManifest.xml:19:13-21:29
155                <action android:name="com.google.firebase.MESSAGING_EVENT" />
155-->[:firebase_messaging] AndroidManifest.xml:20:17-78
155-->[:firebase_messaging] AndroidManifest.xml:20:25-75
156            </intent-filter>
157        </service>
158
159        <receiver
159-->[:firebase_messaging] AndroidManifest.xml:24:9-31:20
160            android:name="io.flutter.plugins.firebase.messaging.FlutterFirebaseMessagingReceiver"
160-->[:firebase_messaging] AndroidManifest.xml:25:13-98
161            android:exported="true"
161-->[:firebase_messaging] AndroidManifest.xml:26:13-36
162            android:permission="com.google.android.c2dm.permission.SEND" >
162-->[:firebase_messaging] AndroidManifest.xml:27:13-73
163            <intent-filter>
163-->[:firebase_messaging] AndroidManifest.xml:28:13-30:29
164                <action android:name="com.google.android.c2dm.intent.RECEIVE" />
164-->[:firebase_messaging] AndroidManifest.xml:29:17-81
164-->[:firebase_messaging] AndroidManifest.xml:29:25-78
165            </intent-filter>
166        </receiver>
167
168        <service
168-->[:firebase_messaging] AndroidManifest.xml:33:9-37:19
169            android:name="com.google.firebase.components.ComponentDiscoveryService"
169-->[:firebase_messaging] AndroidManifest.xml:33:18-89
170            android:directBootAware="true"
170-->[com.google.firebase:firebase-common:19.5.0] AndroidManifest.xml:35:13-43
171            android:exported="false" >
171-->[com.google.firebase:firebase-messaging:21.0.1] AndroidManifest.xml:38:13-37
172            <meta-data
172-->[:firebase_messaging] AndroidManifest.xml:34:13-36:85
173                android:name="com.google.firebase.components:io.flutter.plugins.firebase.messaging.FlutterFirebaseAppRegistrar"
173-->[:firebase_messaging] AndroidManifest.xml:35:17-128
174                android:value="com.google.firebase.components.ComponentRegistrar" />
174-->[:firebase_messaging] AndroidManifest.xml:36:17-82
175            <meta-data
175-->[:firebase_core] AndroidManifest.xml:9:13-11:85
176                android:name="com.google.firebase.components:io.flutter.plugins.firebase.core.FlutterFirebaseCoreRegistrar"
176-->[:firebase_core] AndroidManifest.xml:10:17-124
177                android:value="com.google.firebase.components.ComponentRegistrar" />
177-->[:firebase_core] AndroidManifest.xml:11:17-82
178            <meta-data
178-->[com.google.firebase:firebase-messaging:21.0.1] AndroidManifest.xml:39:13-41:85
179                android:name="com.google.firebase.components:com.google.firebase.messaging.FirebaseMessagingRegistrar"
179-->[com.google.firebase:firebase-messaging:21.0.1] AndroidManifest.xml:40:17-119
180                android:value="com.google.firebase.components.ComponentRegistrar" />
180-->[com.google.firebase:firebase-messaging:21.0.1] AndroidManifest.xml:41:17-82
181            <meta-data
181-->[com.google.firebase:firebase-datatransport:17.0.10] AndroidManifest.xml:28:13-30:85
182                android:name="com.google.firebase.components:com.google.firebase.datatransport.TransportRegistrar"
182-->[com.google.firebase:firebase-datatransport:17.0.10] AndroidManifest.xml:29:17-115
183                android:value="com.google.firebase.components.ComponentRegistrar" />
183-->[com.google.firebase:firebase-datatransport:17.0.10] AndroidManifest.xml:30:17-82
184            <meta-data
184-->[com.google.firebase:firebase-iid:21.0.1] AndroidManifest.xml:32:13-34:85
185                android:name="com.google.firebase.components:com.google.firebase.iid.Registrar"
185-->[com.google.firebase:firebase-iid:21.0.1] AndroidManifest.xml:33:17-96
186                android:value="com.google.firebase.components.ComponentRegistrar" />
186-->[com.google.firebase:firebase-iid:21.0.1] AndroidManifest.xml:34:17-82
187            <meta-data
187-->[com.google.firebase:firebase-installations:16.3.5] AndroidManifest.xml:18:13-20:85
188                android:name="com.google.firebase.components:com.google.firebase.installations.FirebaseInstallationsRegistrar"
188-->[com.google.firebase:firebase-installations:16.3.5] AndroidManifest.xml:19:17-127
189                android:value="com.google.firebase.components.ComponentRegistrar" />
189-->[com.google.firebase:firebase-installations:16.3.5] AndroidManifest.xml:20:17-82
190            <!--
191                This registrar is not defined in the dynamic-module-support sdk itself to allow non-firebase
192                clients to use it as well, by defining this registrar in their own core/common library.
193            -->
194            <meta-data
194-->[com.google.firebase:firebase-common:19.5.0] AndroidManifest.xml:43:13-45:85
195                android:name="com.google.firebase.components:com.google.firebase.dynamicloading.DynamicLoadingRegistrar"
195-->[com.google.firebase:firebase-common:19.5.0] AndroidManifest.xml:44:17-121
196                android:value="com.google.firebase.components.ComponentRegistrar" />
196-->[com.google.firebase:firebase-common:19.5.0] AndroidManifest.xml:45:17-82
197        </service>
198
199        <provider
199-->[:firebase_messaging] AndroidManifest.xml:39:9-43:38
200            android:name="io.flutter.plugins.firebase.messaging.FlutterFirebaseMessagingInitProvider"
200-->[:firebase_messaging] AndroidManifest.xml:40:13-102
201            android:authorities="com.flyweb.flutterfirebasemessaginginitprovider"
201-->[:firebase_messaging] AndroidManifest.xml:41:13-88
202            android:exported="false"
202-->[:firebase_messaging] AndroidManifest.xml:42:13-37
203            android:initOrder="99" />
203-->[:firebase_messaging] AndroidManifest.xml:43:13-35
204
205        <activity android:name="com.amolg.flutterbarcodescanner.BarcodeCaptureActivity" />
205-->[:flutter_barcode_scanner] AndroidManifest.xml:18:9-91
205-->[:flutter_barcode_scanner] AndroidManifest.xml:18:19-88
206        <activity
206-->[:flutter_inappwebview] AndroidManifest.xml:14:9-17:47
207            android:name="com.pichillilorenzo.flutter_inappwebview.in_app_browser.InAppBrowserActivity"
207-->[:flutter_inappwebview] AndroidManifest.xml:15:13-104
208            android:configChanges="orientation|keyboardHidden|keyboard|screenSize|locale|layoutDirection|fontScale|screenLayout|density"
208-->[:flutter_inappwebview] AndroidManifest.xml:16:13-137
209            android:theme="@style/AppTheme" />
209-->[:flutter_inappwebview] AndroidManifest.xml:17:13-44
210        <activity
210-->[:flutter_inappwebview] AndroidManifest.xml:18:9-20:55
211            android:name="com.pichillilorenzo.flutter_inappwebview.chrome_custom_tabs.ChromeCustomTabsActivity"
211-->[:flutter_inappwebview] AndroidManifest.xml:19:13-112
212            android:theme="@style/ThemeTransparent" />
212-->[:flutter_inappwebview] AndroidManifest.xml:20:13-52
213
214        <receiver android:name="com.pichillilorenzo.flutter_inappwebview.chrome_custom_tabs.ActionBroadcastReceiver" />
214-->[:flutter_inappwebview] AndroidManifest.xml:22:9-120
214-->[:flutter_inappwebview] AndroidManifest.xml:22:19-117
215
216        <meta-data
216-->[:flutter_inappwebview] AndroidManifest.xml:24:9-26:36
217            android:name="io.flutter.embedded_views_preview"
217-->[:flutter_inappwebview] AndroidManifest.xml:25:13-61
218            android:value="true" />
218-->[:flutter_inappwebview] AndroidManifest.xml:26:13-33
219
220        <activity
220-->[:url_launcher] AndroidManifest.xml:8:9-11:74
221            android:name="io.flutter.plugins.urllauncher.WebViewActivity"
221-->[:url_launcher] AndroidManifest.xml:9:13-74
222            android:exported="false"
222-->[:url_launcher] AndroidManifest.xml:10:13-37
223            android:theme="@android:style/Theme.NoTitleBar.Fullscreen" />
223-->[:url_launcher] AndroidManifest.xml:11:13-71
224
225        <provider
225-->[:share] AndroidManifest.xml:8:9-16:20
226            android:name="io.flutter.plugins.share.ShareFileProvider"
226-->[:share] AndroidManifest.xml:9:13-70
227            android:authorities="com.flyweb.flutter.share_provider"
227-->[:share] AndroidManifest.xml:10:13-74
228            android:exported="false"
228-->[:share] AndroidManifest.xml:11:13-37
229            android:grantUriPermissions="true" >
229-->[:share] AndroidManifest.xml:12:13-47
230            <meta-data
230-->[:share] AndroidManifest.xml:13:13-15:68
231                android:name="android.support.FILE_PROVIDER_PATHS"
231-->[:share] AndroidManifest.xml:14:17-67
232                android:resource="@xml/flutter_share_file_paths" />
232-->[:share] AndroidManifest.xml:15:17-65
233        </provider>
234
235        <meta-data
235-->[com.onesignal:OneSignal:3.15.7] AndroidManifest.xml:49:9-51:51
236            android:name="onesignal_app_id"
236-->[com.onesignal:OneSignal:3.15.7] AndroidManifest.xml:50:13-44
237            android:value="xxxxxxxx-xxxx-xxxx-xxxx-xxxxxxxxxxxx" /> <!-- Deprecated - Pulled from OneSignal dashboard. -->
237-->[com.onesignal:OneSignal:3.15.7] AndroidManifest.xml:51:13-48
238        <meta-data
238-->[com.onesignal:OneSignal:3.15.7] AndroidManifest.xml:53:9-55:70
239            android:name="onesignal_google_project_number"
239-->[com.onesignal:OneSignal:3.15.7] AndroidManifest.xml:54:13-59
240            android:value="str:xxxxxxxxxxxx" />
240-->[com.onesignal:OneSignal:3.15.7] AndroidManifest.xml:55:13-67
241
242        <receiver
242-->[com.onesignal:OneSignal:3.15.7] AndroidManifest.xml:57:9-67:20
243            android:name="com.onesignal.GcmBroadcastReceiver"
243-->[com.onesignal:OneSignal:3.15.7] AndroidManifest.xml:58:13-62
244            android:permission="com.google.android.c2dm.permission.SEND" >
244-->[com.onesignal:OneSignal:3.15.7] AndroidManifest.xml:59:13-73
245
246            <!-- High priority so OneSignal payloads can be filtered from other GCM receivers if filterOtherGCMReceivers is enabled. -->
247            <intent-filter android:priority="999" >
247-->[com.onesignal:OneSignal:3.15.7] AndroidManifest.xml:62:13-66:29
247-->[com.onesignal:OneSignal:3.15.7] AndroidManifest.xml:62:28-50
248                <action android:name="com.google.android.c2dm.intent.RECEIVE" />
248-->[:firebase_messaging] AndroidManifest.xml:29:17-81
248-->[:firebase_messaging] AndroidManifest.xml:29:25-78
249
250                <category android:name="com.flyweb" />
250-->[com.onesignal:OneSignal:3.15.7] AndroidManifest.xml:65:17-61
250-->[com.onesignal:OneSignal:3.15.7] AndroidManifest.xml:65:27-58
251            </intent-filter>
252        </receiver>
253        <receiver android:name="com.onesignal.NotificationOpenedReceiver" />
253-->[com.onesignal:OneSignal:3.15.7] AndroidManifest.xml:68:9-77
253-->[com.onesignal:OneSignal:3.15.7] AndroidManifest.xml:68:19-74
254
255        <service
255-->[com.onesignal:OneSignal:3.15.7] AndroidManifest.xml:70:9-76:19
256            android:name="com.onesignal.HmsMessageServiceOneSignal"
256-->[com.onesignal:OneSignal:3.15.7] AndroidManifest.xml:71:13-68
257            android:exported="false" >
257-->[com.onesignal:OneSignal:3.15.7] AndroidManifest.xml:72:13-37
258            <intent-filter>
258-->[com.onesignal:OneSignal:3.15.7] AndroidManifest.xml:73:13-75:29
259                <action android:name="com.huawei.push.action.MESSAGING_EVENT" />
259-->[com.onesignal:OneSignal:3.15.7] AndroidManifest.xml:74:17-81
259-->[com.onesignal:OneSignal:3.15.7] AndroidManifest.xml:74:25-78
260            </intent-filter>
261        </service>
262
263        <activity
263-->[com.onesignal:OneSignal:3.15.7] AndroidManifest.xml:78:9-84:20
264            android:name="com.onesignal.NotificationOpenedActivityHMS"
264-->[com.onesignal:OneSignal:3.15.7] AndroidManifest.xml:79:13-71
265            android:theme="@android:style/Theme.Translucent.NoTitleBar" >
265-->[com.onesignal:OneSignal:3.15.7] AndroidManifest.xml:80:13-72
266            <intent-filter>
266-->[com.onesignal:OneSignal:3.15.7] AndroidManifest.xml:81:13-83:29
267                <action android:name="android.intent.action.VIEW" />
267-->src\main\AndroidManifest.xml:60:12-64
267-->src\main\AndroidManifest.xml:60:20-61
268            </intent-filter>
269        </activity>
270
271        <service android:name="com.onesignal.GcmIntentService" />
271-->[com.onesignal:OneSignal:3.15.7] AndroidManifest.xml:86:9-66
271-->[com.onesignal:OneSignal:3.15.7] AndroidManifest.xml:86:18-63
272        <service
272-->[com.onesignal:OneSignal:3.15.7] AndroidManifest.xml:87:9-89:72
273            android:name="com.onesignal.GcmIntentJobService"
273-->[com.onesignal:OneSignal:3.15.7] AndroidManifest.xml:88:13-61
274            android:permission="android.permission.BIND_JOB_SERVICE" />
274-->[com.onesignal:OneSignal:3.15.7] AndroidManifest.xml:89:13-69
275        <service
275-->[com.onesignal:OneSignal:3.15.7] AndroidManifest.xml:90:9-92:72
276            android:name="com.onesignal.RestoreJobService"
276-->[com.onesignal:OneSignal:3.15.7] AndroidManifest.xml:91:13-59
277            android:permission="android.permission.BIND_JOB_SERVICE" />
277-->[com.onesignal:OneSignal:3.15.7] AndroidManifest.xml:92:13-69
278        <service
278-->[com.onesignal:OneSignal:3.15.7] AndroidManifest.xml:93:9-95:72
279            android:name="com.onesignal.RestoreKickoffJobService"
279-->[com.onesignal:OneSignal:3.15.7] AndroidManifest.xml:94:13-66
280            android:permission="android.permission.BIND_JOB_SERVICE" />
280-->[com.onesignal:OneSignal:3.15.7] AndroidManifest.xml:95:13-69
281        <service
281-->[com.onesignal:OneSignal:3.15.7] AndroidManifest.xml:96:9-98:43
282            android:name="com.onesignal.SyncService"
282-->[com.onesignal:OneSignal:3.15.7] AndroidManifest.xml:97:13-53
283            android:stopWithTask="true" />
283-->[com.onesignal:OneSignal:3.15.7] AndroidManifest.xml:98:13-40
284        <service
284-->[com.onesignal:OneSignal:3.15.7] AndroidManifest.xml:99:9-101:72
285            android:name="com.onesignal.SyncJobService"
285-->[com.onesignal:OneSignal:3.15.7] AndroidManifest.xml:100:13-56
286            android:permission="android.permission.BIND_JOB_SERVICE" />
286-->[com.onesignal:OneSignal:3.15.7] AndroidManifest.xml:101:13-69
287